[     5.700] (--) Log file renamed from "/home/andres/.local/share/xorg/Xorg.pid-964.log" to "/home/andres/.local/share/xorg/Xorg.0.log"
[     5.702] (WW) Failed to open protocol names file lib/xorg/protocol.txt
[     5.704] 
X.Org X Server 1.20.9
X Protocol Version 11, Revision 0
[     5.704] Build Operating System: Linux Arch Linux
[     5.704] Current Operating System: Linux archlinux 5.8.10-arch1-1 #1 SMP PREEMPT Thu, 17 Sep 2020 18:01:06 +0000 x86_64
[     5.704] Kernel command line: BOOT_IMAGE=/boot/vmlinuz-linux root=UUID=f805cc91-eb56-43c2-960e-ebeb13bd46ac rw loglevel=3 quiet acpi_backlight=none
[     5.704] Build Date: 02 September 2020  06:17:44AM
[     5.704]  
[     5.704] Current version of pixman: 0.40.0
[     5.704] 	Before reporting problems, check http://wiki.x.org
	to make sure that you have the latest version.
[     5.704] Markers: (--) probed, (**) from config file, (==) default setting,
	(++) from command line, (!!) notice, (II) informational,
	(WW) warning, (EE) error, (NI) not implemented, (??) unknown.
[     5.704] (==) Log file: "/home/andres/.local/share/xorg/Xorg.0.log", Time: Thu Oct  1 13:57:00 2020
[     5.713] (==) Using config directory: "/etc/X11/xorg.conf.d"
[     5.713] (==) Using system config directory "/usr/share/X11/xorg.conf.d"
[     5.718] (==) No Layout section.  Using the first Screen section.
[     5.718] (==) No screen section available. Using defaults.
[     5.718] (**) |-->Screen "Default Screen Section" (0)
[     5.718] (**) |   |-->Monitor "<default monitor>"
[     5.718] (==) No monitor specified for screen "Default Screen Section".
	Using a default monitor configuration.
[     5.718] (==) Automatically adding devices
[     5.718] (==) Automatically enabling devices
[     5.718] (==) Automatically adding GPU devices
[     5.718] (==) Automatically binding GPU devices
[     5.718] (==) Max clients allowed: 256, resource mask: 0x1fffff
[     5.722] (WW) The directory "/usr/share/fonts/OTF" does not exist.
[     5.722] 	Entry deleted from font path.
[     5.722] (WW) The directory "/usr/share/fonts/Type1" does not exist.
[     5.722] 	Entry deleted from font path.
[     5.726] (==) FontPath set to:
	/usr/share/fonts/misc,
	/usr/share/fonts/TTF,
	/usr/share/fonts/100dpi,
	/usr/share/fonts/75dpi
[     5.726] (==) ModulePath set to "/usr/lib/xorg/modules"
[     5.726] (II) The server relies on udev to provide the list of input devices.
	If no devices become available, reconfigure udev or disable AutoAddDevices.
[     5.726] (II) Module ABI versions:
[     5.726] 	X.Org ANSI C Emulation: 0.4
[     5.726] 	X.Org Video Driver: 24.1
[     5.726] 	X.Org XInput driver : 24.1
[     5.726] 	X.Org Server Extension : 10.0
[     5.727] (++) using VT number 2

[     5.729] (II) systemd-logind: took control of session /org/freedesktop/login1/session/_31
[     5.730] (II) xfree86: Adding drm device (/dev/dri/card0)
[     5.730] (II) Platform probe for /sys/devices/pci0000:00/0000:00:08.1/0000:03:00.0/drm/card0
[     5.731] (II) systemd-logind: got fd for /dev/dri/card0 226:0 fd 11 paused 0
[     5.734] (--) PCI:*(3@0:0:0) 1002:15dd:1025:1259 rev 195, Mem @ 0xd0000000/268435456, 0xe0000000/2097152, 0xe0800000/524288, I/O @ 0x00001000/256
[     5.734] (WW) Open ACPI failed (/var/run/acpid.socket) (No such file or directory)
[     5.734] (II) LoadModule: "glx"
[     5.735] (II) Loading /usr/lib/xorg/modules/extensions/libglx.so
[     5.747] (II) Module glx: vendor="X.Org Foundation"
[     5.748] 	compiled for 1.20.9, module version = 1.0.0
[     5.748] 	ABI class: X.Org Server Extension, version 10.0
[     5.748] (==) Matched ati as autoconfigured driver 0
[     5.748] (==) Matched modesetting as autoconfigured driver 1
[     5.748] (==) Matched fbdev as autoconfigured driver 2
[     5.748] (==) Matched vesa as autoconfigured driver 3
[     5.748] (==) Assigned the driver to the xf86ConfigLayout
[     5.748] (II) LoadModule: "ati"
[     5.748] (WW) Warning, couldn't open module ati
[     5.748] (EE) Failed to load module "ati" (module does not exist, 0)
[     5.748] (II) LoadModule: "modesetting"
[     5.748] (II) Loading /usr/lib/xorg/modules/drivers/modesetting_drv.so
[     5.752] (II) Module modesetting: vendor="X.Org Foundation"
[     5.752] 	compiled for 1.20.9, module version = 1.20.9
[     5.752] 	Module class: X.Org Video Driver
[     5.752] 	ABI class: X.Org Video Driver, version 24.1
[     5.752] (II) LoadModule: "fbdev"
[     5.752] (WW) Warning, couldn't open module fbdev
[     5.752] (EE) Failed to load module "fbdev" (module does not exist, 0)
[     5.752] (II) LoadModule: "vesa"
[     5.752] (II) Loading /usr/lib/xorg/modules/drivers/vesa_drv.so
[     5.753] (II) Module vesa: vendor="X.Org Foundation"
[     5.753] 	compiled for 1.20.8, module version = 2.4.0
[     5.753] 	Module class: X.Org Video Driver
[     5.753] 	ABI class: X.Org Video Driver, version 24.1
[     5.753] (II) modesetting: Driver for Modesetting Kernel Drivers: kms
[     5.753] (II) VESA: driver for VESA chipsets: vesa
[     5.753] xf86EnableIOPorts: failed to set IOPL for I/O (Operation not permitted)
[     5.753] (II) modeset(0): using drv /dev/dri/card0
[     5.753] (WW) VGA arbiter: cannot open kernel arbiter, no multi-card support
[     5.753] (II) modeset(0): Creating default Display subsection in Screen section
	"Default Screen Section" for depth/fbbpp 24/32
[     5.753] (==) modeset(0): Depth 24, (==) framebuffer bpp 32
[     5.753] (==) modeset(0): RGB weight 888
[     5.753] (==) modeset(0): Default visual is TrueColor
[     5.753] (II) Loading sub module "glamoregl"
[     5.753] (II) LoadModule: "glamoregl"
[     5.753] (II) Loading /usr/lib/xorg/modules/libglamoregl.so
[     5.760] (II) Module glamoregl: vendor="X.Org Foundation"
[     5.760] 	compiled for 1.20.9, module version = 1.0.1
[     5.760] 	ABI class: X.Org ANSI C Emulation, version 0.4
[     6.039] (II) modeset(0): glamor X acceleration enabled on AMD RAVEN (DRM 3.38.0, 5.8.10-arch1-1, LLVM 10.0.1)
[     6.039] (II) modeset(0): glamor initialized
[     6.039] (II) modeset(0): Output HDMI-1 has no monitor section
[     6.039] (II) modeset(0): Output eDP-1 has no monitor section
[     6.040] (II) modeset(0): EDID for output HDMI-1
[     6.040] (II) modeset(0): EDID for output eDP-1
[     6.040] (II) modeset(0): Manufacturer: AUO  Model: 38ed  Serial#: 0
[     6.040] (II) modeset(0): Year: 2015  Week: 1
[     6.040] (II) modeset(0): EDID Version: 1.4
[     6.040] (II) modeset(0): Digital Display Input
[     6.040] (II) modeset(0): 6 bits per channel
[     6.040] (II) modeset(0): Digital interface is DisplayPort
[     6.040] (II) modeset(0): Max Image Size [cm]: horiz.: 34  vert.: 19
[     6.041] (II) modeset(0): Gamma: 2.20
[     6.041] (II) modeset(0): No DPMS capabilities specified
[     6.041] (II) modeset(0): Supported color encodings: RGB 4:4:4 
[     6.041] (II) modeset(0): First detailed timing is preferred mode
[     6.041] (II) modeset(0): Preferred mode is native pixel format and refresh rate
[     6.041] (II) modeset(0): redX: 0.580 redY: 0.335   greenX: 0.330 greenY: 0.565
[     6.041] (II) modeset(0): blueX: 0.155 blueY: 0.140   whiteX: 0.313 whiteY: 0.329
[     6.041] (II) modeset(0): Manufacturer's mask: 0
[     6.041] (II) modeset(0): Supported detailed timing:
[     6.041] (II) modeset(0): clock: 142.0 MHz   Image Size:  344 x 193 mm
[     6.041] (II) modeset(0): h_active: 1920  h_sync: 2028  h_sync_end 2076 h_blank_end 2100 h_border: 0
[     6.041] (II) modeset(0): v_active: 1080  v_sync: 1090  v_sync_end 1100 v_blanking: 1126 v_border: 0
[     6.041] (II) modeset(0): Unknown vendor-specific block f
[     6.041] (II) modeset(0):  AUO
[     6.041] (II) modeset(0):  B156HTN03.8
[     6.041] (II) modeset(0): EDID (in hex):
[     6.041] (II) modeset(0): 	00ffffffffffff0006afed3800000000
[     6.041] (II) modeset(0): 	011901049522137802bbf59455549027
[     6.041] (II) modeset(0): 	23505400000001010101010101010101
[     6.041] (II) modeset(0): 	010101010101783780b470382e406c30
[     6.041] (II) modeset(0): 	aa0058c1100000180000000f00000000
[     6.041] (II) modeset(0): 	00000000000000000020000000fe0041
[     6.041] (II) modeset(0): 	554f0a202020202020202020000000fe
[     6.041] (II) modeset(0): 	004231353648544e30332e38200a00d9
[     6.041] (II) modeset(0): Printing probed modes for output eDP-1
[     6.041] (II) modeset(0): Modeline "1920x1080"x60.1  142.00  1920 2028 2076 2100  1080 1090 1100 1126 -hsync -vsync (67.6 kHz eP)
[     6.041] (II) modeset(0): Modeline "1920x1080"x120.0  356.38  1920 2080 2288 2656  1080 1081 1084 1118 doublescan -hsync +vsync (134.2 kHz d)
[     6.041] (II) modeset(0): Modeline "1920x1080"x119.9  266.50  1920 1944 1960 2000  1080 1081 1084 1111 doublescan +hsync -vsync (133.2 kHz d)
[     6.041] (II) modeset(0): Modeline "1920x1080"x60.0  173.00  1920 2048 2248 2576  1080 1083 1088 1120 -hsync +vsync (67.2 kHz d)
[     6.041] (II) modeset(0): Modeline "1920x1080"x59.9  138.50  1920 1968 2000 2080  1080 1083 1088 1111 +hsync -vsync (66.6 kHz d)
[     6.041] (II) modeset(0): Modeline "1680x1050"x60.0  146.25  1680 1784 1960 2240  1050 1053 1059 1089 -hsync +vsync (65.3 kHz d)
[     6.041] (II) modeset(0): Modeline "1680x1050"x60.1  142.00  1680 2028 2076 2100  1050 1090 1100 1126 -hsync -vsync (67.6 kHz e)
[     6.041] (II) modeset(0): Modeline "1680x1050"x59.9  119.00  1680 1728 1760 1840  1050 1053 1059 1080 +hsync -vsync (64.7 kHz d)
[     6.041] (II) modeset(0): Modeline "1400x1050"x60.0  122.00  1400 1488 1640 1880  1050 1052 1064 1082 +hsync +vsync (64.9 kHz d)
[     6.041] (II) modeset(0): Modeline "1600x900"x120.0  246.00  1600 1728 1900 2200  900 901 904 932 doublescan -hsync +vsync (111.8 kHz d)
[     6.041] (II) modeset(0): Modeline "1600x900"x119.9  186.50  1600 1624 1640 1680  900 901 904 926 doublescan +hsync -vsync (111.0 kHz d)
[     6.041] (II) modeset(0): Modeline "1600x900"x59.9  118.25  1600 1696 1856 2112  900 903 908 934 -hsync +vsync (56.0 kHz d)
[     6.041] (II) modeset(0): Modeline "1600x900"x59.8   97.50  1600 1648 1680 1760  900 903 908 926 +hsync -vsync (55.4 kHz d)
[     6.041] (II) modeset(0): Modeline "1280x1024"x60.1  142.00  1280 2028 2076 2100  1024 1090 1100 1126 -hsync -vsync (67.6 kHz e)
[     6.041] (II) modeset(0): Modeline "1280x1024"x60.0  108.00  1280 1328 1440 1688  1024 1025 1028 1066 +hsync +vsync (64.0 kHz d)
[     6.041] (II) modeset(0): Modeline "1440x900"x60.1  142.00  1440 2028 2076 2100  900 1090 1100 1126 -hsync -vsync (67.6 kHz e)
[     6.041] (II) modeset(0): Modeline "1400x900"x60.0  103.50  1400 1480 1624 1848  900 903 913 934 -hsync +vsync (56.0 kHz d)
[     6.041] (II) modeset(0): Modeline "1400x900"x59.9   86.50  1400 1448 1480 1560  900 903 913 926 +hsync -vsync (55.4 kHz d)
[     6.041] (II) modeset(0): Modeline "1280x960"x60.0  108.00  1280 1376 1488 1800  960 961 964 1000 +hsync +vsync (60.0 kHz d)
[     6.041] (II) modeset(0): Modeline "1440x810"x120.0  198.12  1440 1548 1704 1968  810 811 814 839 doublescan -hsync +vsync (100.7 kHz d)
[     6.041] (II) modeset(0): Modeline "1440x810"x119.9  151.88  1440 1464 1480 1520  810 811 814 833 doublescan +hsync -vsync (99.9 kHz d)
[     6.041] (II) modeset(0): Modeline "1368x768"x59.9   85.25  1368 1440 1576 1784  768 771 781 798 -hsync +vsync (47.8 kHz d)
[     6.041] (II) modeset(0): Modeline "1368x768"x59.9   72.25  1368 1416 1448 1528  768 771 781 790 +hsync -vsync (47.3 kHz d)
[     6.041] (II) modeset(0): Modeline "1280x800"x120.0  174.25  1280 1380 1516 1752  800 801 804 829 doublescan -hsync +vsync (99.5 kHz d)
[     6.041] (II) modeset(0): Modeline "1280x800"x60.1  142.00  1280 2028 2076 2100  800 1090 1100 1126 -hsync -vsync (67.6 kHz e)
[     6.041] (II) modeset(0): Modeline "1280x800"x119.9  134.25  1280 1304 1320 1360  800 801 804 823 doublescan +hsync -vsync (98.7 kHz d)
[     6.041] (II) modeset(0): Modeline "1280x800"x59.8   83.50  1280 1352 1480 1680  800 803 809 831 -hsync +vsync (49.7 kHz d)
[     6.041] (II) modeset(0): Modeline "1280x800"x59.9   71.00  1280 1328 1360 1440  800 803 809 823 +hsync -vsync (49.3 kHz d)
[     6.041] (II) modeset(0): Modeline "1280x720"x120.0  156.12  1280 1376 1512 1744  720 721 724 746 doublescan -hsync +vsync (89.5 kHz d)
[     6.041] (II) modeset(0): Modeline "1280x720"x60.1  142.00  1280 2028 2076 2100  720 1090 1100 1126 -hsync -vsync (67.6 kHz e)
[     6.041] (II) modeset(0): Modeline "1280x720"x120.0  120.75  1280 1304 1320 1360  720 721 724 740 doublescan +hsync -vsync (88.8 kHz d)
[     6.041] (II) modeset(0): Modeline "1280x720"x59.9   74.50  1280 1344 1472 1664  720 723 728 748 -hsync +vsync (44.8 kHz d)
[     6.041] (II) modeset(0): Modeline "1280x720"x59.7   63.75  1280 1328 1360 1440  720 723 728 741 +hsync -vsync (44.3 kHz d)
[     6.041] (II) modeset(0): Modeline "1024x768"x60.1  142.00  1024 2028 2076 2100  768 1090 1100 1126 -hsync -vsync (67.6 kHz e)
[     6.041] (II) modeset(0): Modeline "1024x768"x120.1  133.47  1024 1100 1212 1400  768 768 770 794 doublescan -hsync +vsync (95.3 kHz d)
[     6.041] (II) modeset(0): Modeline "1024x768"x60.0   65.00  1024 1048 1184 1344  768 771 777 806 -hsync -vsync (48.4 kHz d)
[     6.041] (II) modeset(0): Modeline "960x720"x120.0  117.00  960 1024 1128 1300  720 720 722 750 doublescan -hsync +vsync (90.0 kHz d)
[     6.041] (II) modeset(0): Modeline "928x696"x120.1  109.15  928 976 1088 1264  696 696 698 719 doublescan -hsync +vsync (86.4 kHz d)
[     6.041] (II) modeset(0): Modeline "896x672"x120.0  102.40  896 960 1060 1224  672 672 674 697 doublescan -hsync +vsync (83.7 kHz d)
[     6.041] (II) modeset(0): Modeline "1024x576"x119.9   98.50  1024 1092 1200 1376  576 577 580 597 doublescan -hsync +vsync (71.6 kHz d)
[     6.041] (II) modeset(0): Modeline "1024x576"x119.9   78.38  1024 1048 1064 1104  576 577 580 592 doublescan +hsync -vsync (71.0 kHz d)
[     6.041] (II) modeset(0): Modeline "1024x576"x59.9   46.50  1024 1064 1160 1296  576 579 584 599 -hsync +vsync (35.9 kHz d)
[     6.041] (II) modeset(0): Modeline "1024x576"x59.8   42.00  1024 1072 1104 1184  576 579 584 593 +hsync -vsync (35.5 kHz d)
[     6.041] (II) modeset(0): Modeline "960x600"x119.9   96.62  960 1028 1128 1296  600 601 604 622 doublescan -hsync +vsync (74.6 kHz d)
[     6.041] (II) modeset(0): Modeline "960x600"x120.0   77.00  960 984 1000 1040  600 601 604 617 doublescan +hsync -vsync (74.0 kHz d)
[     6.041] (II) modeset(0): Modeline "960x540"x119.9   86.50  960 1024 1124 1288  540 541 544 560 doublescan -hsync +vsync (67.2 kHz d)
[     6.041] (II) modeset(0): Modeline "960x540"x120.0   69.25  960 984 1000 1040  540 541 544 555 doublescan +hsync -vsync (66.6 kHz d)
[     6.041] (II) modeset(0): Modeline "960x540"x59.6   40.75  960 992 1088 1216  540 543 548 562 -hsync +vsync (33.5 kHz d)
[     6.041] (II) modeset(0): Modeline "960x540"x59.8   37.25  960 1008 1040 1120  540 543 548 556 +hsync -vsync (33.3 kHz d)
[     6.041] (II) modeset(0): Modeline "800x600"x60.1  142.00  800 2028 2076 2100  600 1090 1100 1126 -hsync -vsync (67.6 kHz e)
[     6.041] (II) modeset(0): Modeline "800x600"x120.0   81.00  800 832 928 1080  600 600 602 625 doublescan +hsync +vsync (75.0 kHz d)
[     6.041] (II) modeset(0): Modeline "800x600"x60.3   40.00  800 840 968 1056  600 601 605 628 +hsync +vsync (37.9 kHz d)
[     6.041] (II) modeset(0): Modeline "800x600"x56.2   36.00  800 824 896 1024  600 601 603 625 +hsync +vsync (35.2 kHz d)
[     6.041] (II) modeset(0): Modeline "840x525"x120.0   73.12  840 892 980 1120  525 526 529 544 doublescan -hsync +vsync (65.3 kHz d)
[     6.041] (II) modeset(0): Modeline "840x525"x119.8   59.50  840 864 880 920  525 526 529 540 doublescan +hsync -vsync (64.7 kHz d)
[     6.041] (II) modeset(0): Modeline "864x486"x59.9   32.50  864 888 968 1072  486 489 494 506 -hsync +vsync (30.3 kHz d)
[     6.041] (II) modeset(0): Modeline "864x486"x59.6   30.50  864 912 944 1024  486 489 494 500 +hsync -vsync (29.8 kHz d)
[     6.041] (II) modeset(0): Modeline "700x525"x120.0   61.00  700 744 820 940  525 526 532 541 doublescan +hsync +vsync (64.9 kHz d)
[     6.041] (II) modeset(0): Modeline "800x450"x119.9   59.12  800 848 928 1056  450 451 454 467 doublescan -hsync +vsync (56.0 kHz d)
[     6.041] (II) modeset(0): Modeline "800x450"x119.6   48.75  800 824 840 880  450 451 454 463 doublescan +hsync -vsync (55.4 kHz d)
[     6.041] (II) modeset(0): Modeline "640x512"x120.0   54.00  640 664 720 844  512 512 514 533 doublescan +hsync +vsync (64.0 kHz d)
[     6.041] (II) modeset(0): Modeline "700x450"x119.9   51.75  700 740 812 924  450 451 456 467 doublescan -hsync +vsync (56.0 kHz d)
[     6.042] (II) modeset(0): Modeline "700x450"x119.8   43.25  700 724 740 780  450 451 456 463 doublescan +hsync -vsync (55.4 kHz d)
[     6.042] (II) modeset(0): Modeline "640x480"x60.1  142.00  640 2028 2076 2100  480 1090 1100 1126 -hsync -vsync (67.6 kHz e)
[     6.042] (II) modeset(0): Modeline "640x480"x120.0   54.00  640 688 744 900  480 480 482 500 doublescan +hsync +vsync (60.0 kHz d)
[     6.042] (II) modeset(0): Modeline "640x480"x59.9   25.18  640 656 752 800  480 490 492 525 -hsync -vsync (31.5 kHz d)
[     6.042] (II) modeset(0): Modeline "720x405"x59.5   22.50  720 744 808 896  405 408 413 422 -hsync +vsync (25.1 kHz d)
[     6.042] (II) modeset(0): Modeline "720x405"x59.0   21.75  720 768 800 880  405 408 413 419 +hsync -vsync (24.7 kHz d)
[     6.042] (II) modeset(0): Modeline "684x384"x119.8   42.62  684 720 788 892  384 385 390 399 doublescan -hsync +vsync (47.8 kHz d)
[     6.042] (II) modeset(0): Modeline "684x384"x119.7   36.12  684 708 724 764  384 385 390 395 doublescan +hsync -vsync (47.3 kHz d)
[     6.042] (II) modeset(0): Modeline "640x400"x119.8   41.75  640 676 740 840  400 401 404 415 doublescan -hsync +vsync (49.7 kHz d)
[     6.042] (II) modeset(0): Modeline "640x400"x120.0   35.50  640 664 680 720  400 401 404 411 doublescan +hsync -vsync (49.3 kHz d)
[     6.042] (II) modeset(0): Modeline "640x360"x119.7   37.25  640 672 736 832  360 361 364 374 doublescan -hsync +vsync (44.8 kHz d)
[     6.042] (II) modeset(0): Modeline "640x360"x119.7   31.88  640 664 680 720  360 361 364 370 doublescan +hsync -vsync (44.3 kHz d)
[     6.042] (II) modeset(0): Modeline "640x360"x59.8   18.00  640 664 720 800  360 363 368 376 -hsync +vsync (22.5 kHz d)
[     6.042] (II) modeset(0): Modeline "640x360"x59.3   17.75  640 688 720 800  360 363 368 374 +hsync -vsync (22.2 kHz d)
[     6.042] (II) modeset(0): Modeline "512x384"x120.0   32.50  512 524 592 672  384 385 388 403 doublescan -hsync -vsync (48.4 kHz d)
[     6.042] (II) modeset(0): Modeline "512x288"x120.0   23.25  512 532 580 648  288 289 292 299 doublescan -hsync +vsync (35.9 kHz d)
[     6.042] (II) modeset(0): Modeline "512x288"x119.8   21.00  512 536 552 592  288 289 292 296 doublescan +hsync -vsync (35.5 kHz d)
[     6.042] (II) modeset(0): Modeline "480x270"x119.3   20.38  480 496 544 608  270 271 274 281 doublescan -hsync +vsync (33.5 kHz d)
[     6.042] (II) modeset(0): Modeline "480x270"x119.6   18.62  480 504 520 560  270 271 274 278 doublescan +hsync -vsync (33.3 kHz d)
[     6.042] (II) modeset(0): Modeline "400x300"x120.6   20.00  400 420 484 528  300 300 302 314 doublescan +hsync +vsync (37.9 kHz d)
[     6.042] (II) modeset(0): Modeline "400x300"x112.7   18.00  400 412 448 512  300 300 301 312 doublescan +hsync +vsync (35.2 kHz d)
[     6.042] (II) modeset(0): Modeline "432x243"x119.8   16.25  432 444 484 536  243 244 247 253 doublescan -hsync +vsync (30.3 kHz d)
[     6.042] (II) modeset(0): Modeline "432x243"x119.1   15.25  432 456 472 512  243 244 247 250 doublescan +hsync -vsync (29.8 kHz d)
[     6.042] (II) modeset(0): Modeline "320x240"x120.1   12.59  320 328 376 400  240 245 246 262 doublescan -hsync -vsync (31.5 kHz d)
[     6.042] (II) modeset(0): Modeline "360x202"x119.0   11.25  360 372 404 448  202 204 206 211 doublescan -hsync +vsync (25.1 kHz d)
[     6.042] (II) modeset(0): Modeline "360x202"x118.3   10.88  360 384 400 440  202 204 206 209 doublescan +hsync -vsync (24.7 kHz d)
[     6.042] (II) modeset(0): Modeline "320x180"x119.7    9.00  320 332 360 400  180 181 184 188 doublescan -hsync +vsync (22.5 kHz d)
[     6.042] (II) modeset(0): Modeline "320x180"x118.6    8.88  320 344 360 400  180 181 184 187 doublescan +hsync -vsync (22.2 kHz d)
[     6.042] (II) modeset(0): Output HDMI-1 disconnected
[     6.042] (II) modeset(0): Output eDP-1 connected
[     6.042] (II) modeset(0): Using exact sizes for initial modes
[     6.042] (II) modeset(0): Output eDP-1 using initial mode 1920x1080 +0+0
[     6.042] (==) modeset(0): Using gamma correction (1.0, 1.0, 1.0)
[     6.042] (==) modeset(0): DPI set to (96, 96)
[     6.042] (II) Loading sub module "fb"
[     6.042] (II) LoadModule: "fb"
[     6.042] (II) Loading /usr/lib/xorg/modules/libfb.so
[     6.043] (II) Module fb: vendor="X.Org Foundation"
[     6.043] 	compiled for 1.20.9, module version = 1.0.0
[     6.043] 	ABI class: X.Org ANSI C Emulation, version 0.4
[     6.043] (II) UnloadModule: "vesa"
[     6.043] (II) Unloading vesa
[     6.192] (==) modeset(0): Backing store enabled
[     6.192] (==) modeset(0): Silken mouse disabled
[     6.194] (II) modeset(0): Initializing kms color map for depth 24, 8 bpc.
[     6.194] (==) modeset(0): DPMS enabled
[     6.194] (II) modeset(0): [DRI2] Setup complete
[     6.194] (II) modeset(0): [DRI2]   DRI driver: radeonsi
[     6.194] (II) modeset(0): [DRI2]   VDPAU driver: radeonsi
[     6.194] (II) Initializing extension Generic Event Extension
[     6.194] (II) Initializing extension SHAPE
[     6.194] (II) Initializing extension MIT-SHM
[     6.194] (II) Initializing extension XInputExtension
[     6.194] (II) Initializing extension XTEST
[     6.194] (II) Initializing extension BIG-REQUESTS
[     6.194] (II) Initializing extension SYNC
[     6.194] (II) Initializing extension XKEYBOARD
[     6.194] (II) Initializing extension XC-MISC
[     6.194] (II) Initializing extension SECURITY
[     6.194] (II) Initializing extension XFIXES
[     6.194] (II) Initializing extension RENDER
[     6.194] (II) Initializing extension RANDR
[     6.194] (II) Initializing extension COMPOSITE
[     6.194] (II) Initializing extension DAMAGE
[     6.194] (II) Initializing extension MIT-SCREEN-SAVER
[     6.194] (II) Initializing extension DOUBLE-BUFFER
[     6.194] (II) Initializing extension RECORD
[     6.194] (II) Initializing extension DPMS
[     6.194] (II) Initializing extension Present
[     6.194] (II) Initializing extension DRI3
[     6.194] (II) Initializing extension X-Resource
[     6.194] (II) Initializing extension XVideo
[     6.194] (II) Initializing extension XVideo-MotionCompensation
[     6.194] (II) Initializing extension GLX
[     6.201] (II) AIGLX: Loaded and initialized radeonsi
[     6.201] (II) GLX: Initialized DRI2 GL provider for screen 0
[     6.201] (II) Initializing extension XFree86-VidModeExtension
[     6.201] (II) Initializing extension XFree86-DGA
[     6.201] (II) Initializing extension XFree86-DRI
[     6.201] (II) Initializing extension DRI2
[     6.205] (II) modeset(0): Damage tracking initialized
[     6.205] (II) modeset(0): Setting screen physical size to 508 x 285
[     6.317] (II) config/udev: Adding input device Acer Wireless Radio Control (/dev/input/event6)
[     6.317] (**) Acer Wireless Radio Control: Applying InputClass "libinput keyboard catchall"
[     6.317] (**) Acer Wireless Radio Control: Applying InputClass "system-keyboard"
[     6.317] (**) Acer Wireless Radio Control: Applying InputClass "keyboard defaults"
[     6.317] (II) LoadModule: "libinput"
[     6.317] (II) Loading /usr/lib/xorg/modules/input/libinput_drv.so
[     6.322] (II) Module libinput: vendor="X.Org Foundation"
[     6.322] 	compiled for 1.20.8, module version = 0.30.0
[     6.322] 	Module class: X.Org XInput Driver
[     6.322] 	ABI class: X.Org XInput driver, version 24.1
[     6.322] (II) Using input driver 'libinput' for 'Acer Wireless Radio Control'
[     6.324] (II) systemd-logind: got fd for /dev/input/event6 13:70 fd 19 paused 0
[     6.324] (**) Acer Wireless Radio Control: always reports core events
[     6.324] (**) Option "Device" "/dev/input/event6"
[     6.324] (**) Option "_source" "server/udev"
[     6.332] (II) event6  - Acer Wireless Radio Control: is tagged by udev as: Keyboard
[     6.332] (II) event6  - Acer Wireless Radio Control: device is a keyboard
[     6.332] (II) event6  - Acer Wireless Radio Control: device removed
[     6.332] (**) Option "config_info" "udev:/sys/devices/LNXSYSTM:00/10251229:00/input/input6/event6"
[     6.332] (II) XINPUT: Adding extended input device "Acer Wireless Radio Control" (type: KEYBOARD, id 6)
[     6.332] (**) Option "xkb_layout" "us"
[     6.332] (**) Option "xkb_variant" "altgr-intl"
[     6.332] (**) Option "xkb_options" "caps:menu"
[     6.367] (II) event6  - Acer Wireless Radio Control: is tagged by udev as: Keyboard
[     6.367] (II) event6  - Acer Wireless Radio Control: device is a keyboard
[     6.369] (II) config/udev: Adding input device Power Button (/dev/input/event3)
[     6.369] (**) Power Button: Applying InputClass "libinput keyboard catchall"
[     6.369] (**) Power Button: Applying InputClass "system-keyboard"
[     6.369] (**) Power Button: Applying InputClass "keyboard defaults"
[     6.369] (II) Using input driver 'libinput' for 'Power Button'
[     6.370] (II) systemd-logind: got fd for /dev/input/event3 13:67 fd 22 paused 0
[     6.370] (**) Power Button: always reports core events
[     6.370] (**) Option "Device" "/dev/input/event3"
[     6.370] (**) Option "_source" "server/udev"
[     6.372] (II) event3  - Power Button: is tagged by udev as: Keyboard
[     6.372] (II) event3  - Power Button: device is a keyboard
[     6.372] (II) event3  - Power Button: device removed
[     6.372] (**) Option "config_info" "udev:/sys/devices/LNXSYSTM:00/LNXPWRBN:00/input/input3/event3"
[     6.372] (II) XINPUT: Adding extended input device "Power Button" (type: KEYBOARD, id 7)
[     6.372] (**) Option "xkb_layout" "us"
[     6.372] (**) Option "xkb_variant" "altgr-intl"
[     6.372] (**) Option "xkb_options" "caps:menu"
[     6.374] (II) event3  - Power Button: is tagged by udev as: Keyboard
[     6.374] (II) event3  - Power Button: device is a keyboard
[     6.375] (II) config/udev: Adding input device Video Bus (/dev/input/event4)
[     6.375] (**) Video Bus: Applying InputClass "libinput keyboard catchall"
[     6.375] (**) Video Bus: Applying InputClass "system-keyboard"
[     6.375] (**) Video Bus: Applying InputClass "keyboard defaults"
[     6.375] (II) Using input driver 'libinput' for 'Video Bus'
[     6.376] (II) systemd-logind: got fd for /dev/input/event4 13:68 fd 23 paused 0
[     6.376] (**) Video Bus: always reports core events
[     6.376] (**) Option "Device" "/dev/input/event4"
[     6.376] (**) Option "_source" "server/udev"
[     6.378] (II) event4  - Video Bus: is tagged by udev as: Keyboard
[     6.379] (II) event4  - Video Bus: device is a keyboard
[     6.379] (II) event4  - Video Bus: device removed
[     6.379] (**) Option "config_info" "udev:/sys/devices/LNXSYSTM:00/LNXSYBUS:00/PNP0A08:00/device:0c/LNXVIDEO:02/input/input4/event4"
[     6.379] (II) XINPUT: Adding extended input device "Video Bus" (type: KEYBOARD, id 8)
[     6.379] (**) Option "xkb_layout" "us"
[     6.379] (**) Option "xkb_variant" "altgr-intl"
[     6.379] (**) Option "xkb_options" "caps:menu"
[     6.381] (II) event4  - Video Bus: is tagged by udev as: Keyboard
[     6.381] (II) event4  - Video Bus: device is a keyboard
[     6.382] (II) config/udev: Adding input device Lid Switch (/dev/input/event2)
[     6.383] (II) No input driver specified, ignoring this device.
[     6.383] (II) This device may have been added with another device file.
[     6.383] (II) config/udev: Adding input device Power Button (/dev/input/event0)
[     6.383] (**) Power Button: Applying InputClass "libinput keyboard catchall"
[     6.383] (**) Power Button: Applying InputClass "system-keyboard"
[     6.383] (**) Power Button: Applying InputClass "keyboard defaults"
[     6.383] (II) Using input driver 'libinput' for 'Power Button'
[     6.385] (II) systemd-logind: got fd for /dev/input/event0 13:64 fd 24 paused 0
[     6.385] (**) Power Button: always reports core events
[     6.385] (**) Option "Device" "/dev/input/event0"
[     6.385] (**) Option "_source" "server/udev"
[     6.386] (II) event0  - Power Button: is tagged by udev as: Keyboard
[     6.386] (II) event0  - Power Button: device is a keyboard
[     6.386] (II) event0  - Power Button: device removed
[     6.386] (**) Option "config_info" "udev:/sys/devices/LNXSYSTM:00/LNXSYBUS:00/PNP0C0C:00/input/input0/event0"
[     6.387] (II) XINPUT: Adding extended input device "Power Button" (type: KEYBOARD, id 9)
[     6.387] (**) Option "xkb_layout" "us"
[     6.387] (**) Option "xkb_variant" "altgr-intl"
[     6.387] (**) Option "xkb_options" "caps:menu"
[     6.388] (II) event0  - Power Button: is tagged by udev as: Keyboard
[     6.389] (II) event0  - Power Button: device is a keyboard
[     6.390] (II) config/udev: Adding input device Sleep Button (/dev/input/event1)
[     6.390] (**) Sleep Button: Applying InputClass "libinput keyboard catchall"
[     6.390] (**) Sleep Button: Applying InputClass "system-keyboard"
[     6.390] (**) Sleep Button: Applying InputClass "keyboard defaults"
[     6.390] (II) Using input driver 'libinput' for 'Sleep Button'
[     6.391] (II) systemd-logind: got fd for /dev/input/event1 13:65 fd 25 paused 0
[     6.391] (**) Sleep Button: always reports core events
[     6.391] (**) Option "Device" "/dev/input/event1"
[     6.391] (**) Option "_source" "server/udev"
[     6.393] (II) event1  - Sleep Button: is tagged by udev as: Keyboard
[     6.393] (II) event1  - Sleep Button: device is a keyboard
[     6.393] (II) event1  - Sleep Button: device removed
[     6.393] (**) Option "config_info" "udev:/sys/devices/LNXSYSTM:00/LNXSYBUS:00/PNP0C0E:00/input/input1/event1"
[     6.393] (II) XINPUT: Adding extended input device "Sleep Button" (type: KEYBOARD, id 10)
[     6.393] (**) Option "xkb_layout" "us"
[     6.393] (**) Option "xkb_variant" "altgr-intl"
[     6.393] (**) Option "xkb_options" "caps:menu"
[     6.394] (II) event1  - Sleep Button: is tagged by udev as: Keyboard
[     6.394] (II) event1  - Sleep Button: device is a keyboard
[     6.396] (II) config/udev: Adding input device HD-Audio Generic HDMI/DP,pcm=3 (/dev/input/event11)
[     6.396] (II) No input driver specified, ignoring this device.
[     6.396] (II) This device may have been added with another device file.
[     6.397] (II) config/udev: Adding input device VGA WebCam: VGA WebCam (/dev/input/event14)
[     6.397] (**) VGA WebCam: VGA WebCam: Applying InputClass "libinput keyboard catchall"
[     6.397] (**) VGA WebCam: VGA WebCam: Applying InputClass "system-keyboard"
[     6.397] (**) VGA WebCam: VGA WebCam: Applying InputClass "keyboard defaults"
[     6.397] (II) Using input driver 'libinput' for 'VGA WebCam: VGA WebCam'
[     6.399] (II) systemd-logind: got fd for /dev/input/event14 13:78 fd 26 paused 0
[     6.399] (**) VGA WebCam: VGA WebCam: always reports core events
[     6.399] (**) Option "Device" "/dev/input/event14"
[     6.399] (**) Option "_source" "server/udev"
[     6.402] (II) event14 - VGA WebCam: VGA WebCam: is tagged by udev as: Keyboard
[     6.402] (II) event14 - VGA WebCam: VGA WebCam: device is a keyboard
[     6.402] (II) event14 - VGA WebCam: VGA WebCam: device removed
[     6.402] (**) Option "config_info" "udev:/sys/devices/pci0000:00/0000:00:08.1/0000:03:00.4/usb3/3-1/3-1:1.0/input/input18/event14"
[     6.402] (II) XINPUT: Adding extended input device "VGA WebCam: VGA WebCam" (type: KEYBOARD, id 11)
[     6.402] (**) Option "xkb_layout" "us"
[     6.402] (**) Option "xkb_variant" "altgr-intl"
[     6.402] (**) Option "xkb_options" "caps:menu"
[     6.405] (II) event14 - VGA WebCam: VGA WebCam: is tagged by udev as: Keyboard
[     6.405] (II) event14 - VGA WebCam: VGA WebCam: device is a keyboard
[     6.406] (II) config/udev: Adding input device HDA Digital PCBeep (/dev/input/event12)
[     6.406] (II) No input driver specified, ignoring this device.
[     6.406] (II) This device may have been added with another device file.
[     6.407] (II) config/udev: Adding input device HD-Audio Generic Front Headphone (/dev/input/event13)
[     6.407] (II) No input driver specified, ignoring this device.
[     6.407] (II) This device may have been added with another device file.
[     6.408] (II) config/udev: Adding input device SYNA7DB5:01 06CB:CD41 Mouse (/dev/input/event9)
[     6.408] (**) SYNA7DB5:01 06CB:CD41 Mouse: Applying InputClass "libinput pointer catchall"
[     6.408] (II) Using input driver 'libinput' for 'SYNA7DB5:01 06CB:CD41 Mouse'
[     6.410] (II) systemd-logind: got fd for /dev/input/event9 13:73 fd 27 paused 0
[     6.410] (**) SYNA7DB5:01 06CB:CD41 Mouse: always reports core events
[     6.410] (**) Option "Device" "/dev/input/event9"
[     6.410] (**) Option "_source" "server/udev"
[     6.412] (II) event9  - SYNA7DB5:01 06CB:CD41 Mouse: is tagged by udev as: Mouse Pointingstick
[     6.413] (II) event9  - SYNA7DB5:01 06CB:CD41 Mouse: device is a pointer
[     6.414] (II) event9  - SYNA7DB5:01 06CB:CD41 Mouse: device removed
[     6.414] (**) Option "config_info" "udev:/sys/devices/platform/AMDI0010:01/i2c-0/i2c-SYNA7DB5:01/0018:06CB:CD41.0001/input/input12/event9"
[     6.414] (II) XINPUT: Adding extended input device "SYNA7DB5:01 06CB:CD41 Mouse" (type: MOUSE, id 12)
[     6.414] (**) Option "AccelerationScheme" "none"
[     6.414] (**) SYNA7DB5:01 06CB:CD41 Mouse: (accel) selected scheme none/0
[     6.414] (**) SYNA7DB5:01 06CB:CD41 Mouse: (accel) acceleration factor: 2.000
[     6.414] (**) SYNA7DB5:01 06CB:CD41 Mouse: (accel) acceleration threshold: 4
[     6.416] (II) event9  - SYNA7DB5:01 06CB:CD41 Mouse: is tagged by udev as: Mouse Pointingstick
[     6.417] (II) event9  - SYNA7DB5:01 06CB:CD41 Mouse: device is a pointer
[     6.418] (II) config/udev: Adding input device SYNA7DB5:01 06CB:CD41 Mouse (/dev/input/mouse0)
[     6.418] (II) No input driver specified, ignoring this device.
[     6.418] (II) This device may have been added with another device file.
[     6.420] (II) config/udev: Adding input device SYNA7DB5:01 06CB:CD41 Touchpad (/dev/input/event10)
[     6.420] (**) SYNA7DB5:01 06CB:CD41 Touchpad: Applying InputClass "libinput touchpad catchall"
[     6.420] (**) SYNA7DB5:01 06CB:CD41 Touchpad: Applying InputClass "touchpad catchall"
[     6.420] (**) SYNA7DB5:01 06CB:CD41 Touchpad: Applying InputClass "Default clickpad buttons"
[     6.420] (**) SYNA7DB5:01 06CB:CD41 Touchpad: Applying InputClass "touchpad catchall"
[     6.420] (**) SYNA7DB5:01 06CB:CD41 Touchpad: Applying InputClass "Default clickpad buttons"
[     6.420] (**) SYNA7DB5:01 06CB:CD41 Touchpad: Applying InputClass "touchpad"
[     6.420] (II) Using input driver 'libinput' for 'SYNA7DB5:01 06CB:CD41 Touchpad'
[     6.421] (II) systemd-logind: got fd for /dev/input/event10 13:74 fd 28 paused 0
[     6.421] (**) SYNA7DB5:01 06CB:CD41 Touchpad: always reports core events
[     6.421] (**) Option "Device" "/dev/input/event10"
[     6.421] (**) Option "_source" "server/udev"
[     6.424] (II) event10 - SYNA7DB5:01 06CB:CD41 Touchpad: is tagged by udev as: Touchpad
[     6.426] (II) event10 - SYNA7DB5:01 06CB:CD41 Touchpad: device is a touchpad
[     6.426] (II) event10 - SYNA7DB5:01 06CB:CD41 Touchpad: device removed
[     6.426] (**) Option "Tapping" "on"
[     6.426] (**) Option "NaturalScrolling" "on"
[     6.427] (**) Option "config_info" "udev:/sys/devices/platform/AMDI0010:01/i2c-0/i2c-SYNA7DB5:01/0018:06CB:CD41.0001/input/input13/event10"
[     6.427] (II) XINPUT: Adding extended input device "SYNA7DB5:01 06CB:CD41 Touchpad" (type: TOUCHPAD, id 13)
[     6.428] (**) Option "AccelerationScheme" "none"
[     6.428] (**) SYNA7DB5:01 06CB:CD41 Touchpad: (accel) selected scheme none/0
[     6.428] (**) SYNA7DB5:01 06CB:CD41 Touchpad: (accel) acceleration factor: 2.000
[     6.428] (**) SYNA7DB5:01 06CB:CD41 Touchpad: (accel) acceleration threshold: 4
[     6.430] (II) event10 - SYNA7DB5:01 06CB:CD41 Touchpad: is tagged by udev as: Touchpad
[     6.431] (II) event10 - SYNA7DB5:01 06CB:CD41 Touchpad: device is a touchpad
[     6.432] (II) config/udev: Adding input device SYNA7DB5:01 06CB:CD41 Touchpad (/dev/input/mouse1)
[     6.432] (**) SYNA7DB5:01 06CB:CD41 Touchpad: Ignoring device from InputClass "touchpad ignore duplicates"
[     6.434] (II) config/udev: Adding input device AT Translated Set 2 keyboard (/dev/input/event5)
[     6.434] (**) AT Translated Set 2 keyboard: Applying InputClass "libinput keyboard catchall"
[     6.434] (**) AT Translated Set 2 keyboard: Applying InputClass "system-keyboard"
[     6.434] (**) AT Translated Set 2 keyboard: Applying InputClass "keyboard defaults"
[     6.434] (II) Using input driver 'libinput' for 'AT Translated Set 2 keyboard'
[     6.435] (II) systemd-logind: got fd for /dev/input/event5 13:69 fd 29 paused 0
[     6.436] (**) AT Translated Set 2 keyboard: always reports core events
[     6.436] (**) Option "Device" "/dev/input/event5"
[     6.436] (**) Option "_source" "server/udev"
[     6.438] (II) event5  - AT Translated Set 2 keyboard: is tagged by udev as: Keyboard
[     6.438] (II) event5  - AT Translated Set 2 keyboard: device is a keyboard
[     6.439] (II) event5  - AT Translated Set 2 keyboard: device removed
[     6.439] (**) Option "config_info" "udev:/sys/devices/platform/i8042/serio0/input/input5/event5"
[     6.440] (II) XINPUT: Adding extended input device "AT Translated Set 2 keyboard" (type: KEYBOARD, id 14)
[     6.440] (**) Option "xkb_layout" "us"
[     6.440] (**) Option "xkb_variant" "altgr-intl"
[     6.440] (**) Option "xkb_options" "caps:menu"
[     6.442] (II) event5  - AT Translated Set 2 keyboard: is tagged by udev as: Keyboard
[     6.442] (II) event5  - AT Translated Set 2 keyboard: device is a keyboard
[     6.444] (II) config/udev: Adding input device PC Speaker (/dev/input/event7)
[     6.444] (II) No input driver specified, ignoring this device.
[     6.444] (II) This device may have been added with another device file.
[     6.445] (II) config/udev: Adding input device Acer WMI hotkeys (/dev/input/event8)
[     6.446] (**) Acer WMI hotkeys: Applying InputClass "libinput keyboard catchall"
[     6.446] (**) Acer WMI hotkeys: Applying InputClass "system-keyboard"
[     6.446] (**) Acer WMI hotkeys: Applying InputClass "keyboard defaults"
[     6.446] (II) Using input driver 'libinput' for 'Acer WMI hotkeys'
[     6.447] (II) systemd-logind: got fd for /dev/input/event8 13:72 fd 30 paused 0
[     6.447] (**) Acer WMI hotkeys: always reports core events
[     6.447] (**) Option "Device" "/dev/input/event8"
[     6.447] (**) Option "_source" "server/udev"
[     6.448] (II) event8  - Acer WMI hotkeys: is tagged by udev as: Keyboard
[     6.449] (II) event8  - Acer WMI hotkeys: device is a keyboard
[     6.449] (II) event8  - Acer WMI hotkeys: device removed
[     6.449] (**) Option "config_info" "udev:/sys/devices/virtual/input/input8/event8"
[     6.449] (II) XINPUT: Adding extended input device "Acer WMI hotkeys" (type: KEYBOARD, id 15)
[     6.449] (**) Option "xkb_layout" "us"
[     6.449] (**) Option "xkb_variant" "altgr-intl"
[     6.449] (**) Option "xkb_options" "caps:menu"
[     6.450] (II) event8  - Acer WMI hotkeys: is tagged by udev as: Keyboard
[     6.450] (II) event8  - Acer WMI hotkeys: device is a keyboard
[     6.825] (II) modeset(0): Disabling kernel dirty updates, not required.
[     6.900] (II) modeset(0): EDID vendor "AUO", prod id 14573
[     6.900] (II) modeset(0): Printing DDC gathered Modelines:
[     6.900] (II) modeset(0): Modeline "1920x1080"x0.0  142.00  1920 2028 2076 2100  1080 1090 1100 1126 -hsync -vsync (67.6 kHz eP)
