2020-09-12T20:45:17.866Z - "/home/andres/.shiv/main_9c758d3f26892f0fa413f788e5d8051975c0098033c7459fde98395a808dc271/site-packages/macpy/key.py:672: SyntaxWarning: \"is\" with a literal. Did you mean \"==\"?"
2020-09-12T20:45:17.867Z - "  if (isinstance(value, Sequence) and len(value) is 2):"
2020-09-12T20:45:18.382Z - "/home/andres/.shiv/main_9c758d3f26892f0fa413f788e5d8051975c0098033c7459fde98395a808dc271/site-packages/macpy/interface/xhelper.py:184: SyntaxWarning: \"is not\" with a literal. Did you mean \"!=\"?"
2020-09-12T20:45:18.382Z - "  if index is not 0 and index is not 2:"
2020-09-12T20:45:18.382Z - "/home/andres/.shiv/main_9c758d3f26892f0fa413f788e5d8051975c0098033c7459fde98395a808dc271/site-packages/macpy/interface/xhelper.py:184: SyntaxWarning: \"is not\" with a literal. Did you mean \"!=\"?"
2020-09-12T20:45:18.382Z - "  if index is not 0 and index is not 2:"
2020-09-12T20:45:18.382Z - "/home/andres/.shiv/main_9c758d3f26892f0fa413f788e5d8051975c0098033c7459fde98395a808dc271/site-packages/macpy/interface/xhelper.py:185: SyntaxWarning: \"is\" with a literal. Did you mean \"==\"?"
2020-09-12T20:45:18.382Z - "  if index is 1:"
2020-09-12T20:45:18.382Z - "/home/andres/.shiv/main_9c758d3f26892f0fa413f788e5d8051975c0098033c7459fde98395a808dc271/site-packages/macpy/interface/xhelper.py:187: SyntaxWarning: \"is\" with a literal. Did you mean \"==\"?"
2020-09-12T20:45:18.382Z - "  elif index is 4:"
2020-09-12T20:45:18.382Z - "/home/andres/.shiv/main_9c758d3f26892f0fa413f788e5d8051975c0098033c7459fde98395a808dc271/site-packages/macpy/interface/xhelper.py:189: SyntaxWarning: \"is\" with a literal. Did you mean \"==\"?"
2020-09-12T20:45:18.382Z - "  elif index is 5:"
2020-09-12T20:45:19.203Z - "Exception in thread XLayout monitor:"
2020-09-12T20:45:19.203Z - "Traceback (most recent call last):"
2020-09-12T20:45:19.203Z - "  File \"/usr/lib/python3.8/threading.py\", line 932, in _bootstrap_inner"
2020-09-12T20:45:19.205Z - "    self.run()"
2020-09-12T20:45:19.205Z - "  File \"/home/andres/.shiv/main_9c758d3f26892f0fa413f788e5d8051975c0098033c7459fde98395a808dc271/site-packages/macpy/interface/xhelper.py\", line 320, in run"
2020-09-12T20:45:19.205Z - "    if self.layout != self.layouts[0]:"
2020-09-12T20:45:19.205Z - "IndexError: tuple index out of range"
2020-09-12T20:49:39.016Z - "Exception in thread XLayout monitor:"
2020-09-12T20:49:39.017Z - "Traceback (most recent call last):"
2020-09-12T20:49:39.017Z - "  File \"/usr/lib/python3.8/threading.py\", line 932, in _bootstrap_inner"
2020-09-12T20:49:39.017Z - "    self.run()"
2020-09-12T20:49:39.017Z - "  File \"/home/andres/.shiv/main_9c758d3f26892f0fa413f788e5d8051975c0098033c7459fde98395a808dc271/site-packages/macpy/interface/xhelper.py\", line 320, in run"
2020-09-12T20:49:39.017Z - "    if self.layout != self.layouts[0]:"
2020-09-12T20:49:39.017Z - "IndexError: tuple index out of range"
2020-09-12T20:50:31.916Z - "Exception in thread XLayout monitor:"
2020-09-12T20:50:31.917Z - "Traceback (most recent call last):"
2020-09-12T20:50:31.918Z - "  File \"/usr/lib/python3.8/threading.py\", line 932, in _bootstrap_inner"
2020-09-12T20:50:31.918Z - "    self.run()"
2020-09-12T20:50:31.918Z - "  File \"/home/andres/.shiv/main_9c758d3f26892f0fa413f788e5d8051975c0098033c7459fde98395a808dc271/site-packages/macpy/interface/xhelper.py\", line 320, in run"
2020-09-12T20:50:31.918Z - "    if self.layout != self.layouts[0]:"
2020-09-12T20:50:31.918Z - "IndexError: tuple index out of range"
2020-09-12T20:52:43.493Z - "Exception in thread XLayout monitor:"
2020-09-12T20:52:43.494Z - "Traceback (most recent call last):"
2020-09-12T20:52:43.495Z - "  File \"/usr/lib/python3.8/threading.py\", line 932, in _bootstrap_inner"
2020-09-12T20:52:43.495Z - "    self.run()"
2020-09-12T20:52:43.495Z - "  File \"/home/andres/.shiv/main_9c758d3f26892f0fa413f788e5d8051975c0098033c7459fde98395a808dc271/site-packages/macpy/interface/xhelper.py\", line 320, in run"
2020-09-12T20:52:43.498Z - "    if self.layout != self.layouts[0]:"
2020-09-12T20:52:43.498Z - "IndexError: tuple index out of range"
